<?xml version="1.0" encoding="UTF-8"?>
<!-- Generated by org.testng.reporters.JUnitReportReporter -->
<testsuite skipped="0" hostname="LAPTOP-G0UQGSFP" name="runner.TestRunnerTestng" tests="2" failures="0" timestamp="2022-12-14T19:02:09 IST" time="80.311" errors="0">
  <testcase name="runScenario" time="28.411" classname="runner.TestRunnerTestng"/>
  <system-out/>
  <testcase name="runScenario" time="51.900" classname="runner.TestRunnerTestng"/>
  <system-out/>
</testsuite> <!-- runner.TestRunnerTestng -->
